harpa\Ali_Quero_Ir,_e_Tu?.txt
harpa\Ali_Quero_Ir,_e_Tu?.txt
harpa\Harpa_Cristã.txt
harpa\Harpa_Cristã.txt
harpa\Harpa_Cristã.txt
harpa\Harpa_Cristã.txt
harpa\Harpa_Cristã.txt
harpa\Harpa_Cristã.txt
harpa\Harpa_Cristã.txt
harpa\Harpa_Cristã.txt
harpa\Harpa_Cristã.txt
harpa\Harpa_Cristã.txt
harpa\Harpa_Cristã.txt
harpa\Harpa_Cristã.txt
harpa\Harpa_Cristã.txt
harpa\Harpa_Cristã.txt
harpa\Harpa_Cristã.txt
harpa\Harpa_Cristã.txt
harpa\Harpa_Cristã.txt
harpa\Harpa_Cristã.txt
harpa\Harpa_Cristã.txt
harpa\Harpa_Cristã.txt
harpa\Harpa_Cristã.txt
harpa\Harpa_Cristã.txt
harpa\Harpa_Cristã.txt
harpa\Harpa_Cristã.txt
harpa\Harpa_Cristã.txt
harpa\Harpa_Cristã.txt
harpa\Harpa_Cristã.txt
harpa\Harpa_Cristã.txt
harpa\Harpa_Cristã.txt
harpa\O_Grande_"Eu_Sou".txt
harpa\Harpa_Cristã.txt
harpa\O_Que_Buscas_Ansioso?.txt
harpa\Harpa_Cristã.txt
harpa\Harpa_Cristã.txt
harpa\Harpa_Cristã.txt
harpa\Harpa_Cristã.txt
harpa\Por_Que_Te_Afliges?.txt
harpa\Por_Que_Te_Aflinges?_soletra.txt
harpa\Harpa_Cristã.txt
harpa\Harpa_Cristã.txt
harpa\Qual_o_Preço_do_Perdão?.txt
harpa\Qual_o_Preço_do_Perdão?_simplificada.txt
harpa\Harpa_Cristã.txt
harpa\Que_Farás_De_Jesus_Cristo?.txt
harpa\Quem_Irá?.txt
harpa\Quem_Irá?_simplificada.txt
harpa\Quem_Quer_Ir_Com_Cristo?.txt
harpa\Harpa_Cristã.txt
harpa\Salvo_Estás?_Limpo_Estás?.txt
harpa\Harpa_Cristã.txt
harpa\Harpa_Cristã.txt
harpa\Harpa_Cristã.txt
harpa\Harpa_Cristã.txt
harpa\Harpa_Cristã.txt
harpa\Harpa_Cristã.txt


https://www.cifraclub.com.br/harpa-crista/ao-ver-cruz/
'NoneType' object has no attribute 'text'

https://www.cifraclub.com.br/harpa-crista/341-aspiracao-da-alma/
'NoneType' object has no attribute 'text'

https://www.cifraclub.com.br/harpa-crista/1936739/letra/
'str' object has no attribute 'text'

https://www.cifraclub.com.br/harpa-crista/456360/letra/
'str' object has no attribute 'text'

https://www.cifraclub.com.br/harpa-crista/450639/letra/
'str' object has no attribute 'text'

https://www.cifraclub.com.br/harpa-crista/conta-nos-senhor/
'NoneType' object has no attribute 'text'

https://www.cifraclub.com.br/harpa-crista/creio-senhor/
'NoneType' object has no attribute 'text'

https://www.cifraclub.com.br/harpa-crista/456363/letra/
'str' object has no attribute 'text'

https://www.cifraclub.com.br/harpa-crista/1771676/letra/
'str' object has no attribute 'text'

https://www.cifraclub.com.br/harpa-crista/cristo-real-pra-mim/
'NoneType' object has no attribute 'text'

https://www.cifraclub.com.br/harpa-crista/cristo-meu-cristo/letra/
'str' object has no attribute 'text'

https://www.cifraclub.com.br/harpa-crista/190-cristo-meu-cristo/
'NoneType' object has no attribute 'text'

https://www.cifraclub.com.br/harpa-crista/cristo-meu-redentor/
'NoneType' object has no attribute 'text'

https://www.cifraclub.com.br/harpa-crista/1771726/letra/
'str' object has no attribute 'text'

https://www.cifraclub.com.br/harpa-crista/cristo-te-chama/
'NoneType' object has no attribute 'text'

https://www.cifraclub.com.br/harpa-crista/cura-divina/
'NoneType' object has no attribute 'text'

https://www.cifraclub.com.br/harpa-crista/de-todo-mundo-aleluia/
'NoneType' object has no attribute 'text'

https://www.cifraclub.com.br/harpa-crista/decisao/letra/
'str' object has no attribute 'text'

https://www.cifraclub.com.br/harpa-crista/450336/letra/
'str' object has no attribute 'text'

https://www.cifraclub.com.br/harpa-crista/085-deixa-o-espirito-de-deus-entrar/
'NoneType' object has no attribute 'text'

https://www.cifraclub.com.br/harpa-crista/deus-nosso-pai-nos-te-adoramos/
'NoneType' object has no attribute 'text'

https://www.cifraclub.com.br/harpa-crista/digno-es-tu-senhor/letra/
'str' object has no attribute 'text'

https://www.cifraclub.com.br/harpa-crista/eis-me-aqui/letra/
'str' object has no attribute 'text'

https://www.cifraclub.com.br/harpa-crista/eis-dia-declinar/
'NoneType' object has no attribute 'text'

https://www.cifraclub.com.br/harpa-crista/748502/letra/
'str' object has no attribute 'text'

https://www.cifraclub.com.br/harpa-crista/1771721/letra/
'str' object has no attribute 'text'

https://www.cifraclub.com.br/harpa-crista/456375/letra/
'str' object has no attribute 'text'

https://www.cifraclub.com.br/harpa-crista/estaras-vigiando/
'NoneType' object has no attribute 'text'

https://www.cifraclub.com.br/harpa-crista/259-eu-creio-na-biblia/
'NoneType' object has no attribute 'text'

https://www.cifraclub.com.br/harpa-crista/1000350/letra/
'str' object has no attribute 'text'

https://www.cifraclub.com.br/harpa-crista/1771672/letra/
'str' object has no attribute 'text'

https://www.cifraclub.com.br/harpa-crista/fico-feliz/letra/
'str' object has no attribute 'text'

https://www.cifraclub.com.br/harpa-crista/450582/letra/
'str' object has no attribute 'text'

https://www.cifraclub.com.br/harpa-crista/gracias/letra/
'str' object has no attribute 'text'

https://www.cifraclub.com.br/harpa-crista/097-ha-um-santo-caminho/
'NoneType' object has no attribute 'text'

https://www.cifraclub.com.br/harpa-crista/honras-sejam-ao-cordeiro/
'NoneType' object has no attribute 'text'

https://www.cifraclub.com.br/harpa-crista/1820670/letra/
'str' object has no attribute 'text'

https://www.cifraclub.com.br/harpa-crista/452654/letra/
'str' object has no attribute 'text'

https://www.cifraclub.com.br/harpa-crista/invocacao-louvor/
'NoneType' object has no attribute 'text'

https://www.cifraclub.com.br/harpa-crista/1297641/letra/
'str' object has no attribute 'text'

https://www.cifraclub.com.br/harpa-crista/452784/letra/
'str' object has no attribute 'text'

https://www.cifraclub.com.br/harpa-crista/jesus-cristo-mudou-meu-viver/letra/
'str' object has no attribute 'text'

https://www.cifraclub.com.br/harpa-crista/jesus-em-tua-presenca/letra/
'str' object has no attribute 'text'

https://www.cifraclub.com.br/harpa-crista/jesus-me-levantou/
'NoneType' object has no attribute 'text'

https://www.cifraclub.com.br/harpa-crista/450853/letra/
'str' object has no attribute 'text'

https://www.cifraclub.com.br/harpa-crista/311-jesus-meu-salvador/
'NoneType' object has no attribute 'text'

https://www.cifraclub.com.br/harpa-crista/452053/letra/
'str' object has no attribute 'text'

https://www.cifraclub.com.br/harpa-crista/450838/letra/
'str' object has no attribute 'text'

https://www.cifraclub.com.br/harpa-crista/324-jesus-o-melhor-amigo/
'NoneType' object has no attribute 'text'

https://www.cifraclub.com.br/harpa-crista/368-jesus-tudo-pra-mim/
'NoneType' object has no attribute 'text'

https://www.cifraclub.com.br/harpa-crista/la-fede-una-volta-insegnata/letra/
'str' object has no attribute 'text'

https://www.cifraclub.com.br/harpa-crista/larga-mundo/
'NoneType' object has no attribute 'text'

https://www.cifraclub.com.br/harpa-crista/452056/letra/
'str' object has no attribute 'text'

https://www.cifraclub.com.br/harpa-crista/1297640/letra/
'str' object has no attribute 'text'

https://www.cifraclub.com.br/harpa-crista/450180/letra/
'str' object has no attribute 'text'

https://www.cifraclub.com.br/harpa-crista/meu-cristo/
'NoneType' object has no attribute 'text'

https://www.cifraclub.com.br/harpa-crista/451206/letra/
'str' object has no attribute 'text'

https://www.cifraclub.com.br/harpa-crista/463423/letra/
'str' object has no attribute 'text'

https://www.cifraclub.com.br/harpa-crista/528589/letra/
'str' object has no attribute 'text'

https://www.cifraclub.com.br/harpa-crista/meu-noivo-vem/
'NoneType' object has no attribute 'text'

https://www.cifraclub.com.br/harpa-crista/momentos-de-prova/letra/
'str' object has no attribute 'text'

https://www.cifraclub.com.br/harpa-crista/451415/letra/
'str' object has no attribute 'text'

https://www.cifraclub.com.br/harpa-crista/452066/letra/
'str' object has no attribute 'text'

https://www.cifraclub.com.br/harpa-crista/necessitado/
'NoneType' object has no attribute 'text'

https://www.cifraclub.com.br/harpa-crista/nivea-luz/
'NoneType' object has no attribute 'text'

https://www.cifraclub.com.br/harpa-crista/452069/letra/
'str' object has no attribute 'text'

https://www.cifraclub.com.br/harpa-crista/452071/letra/
'str' object has no attribute 'text'

https://www.cifraclub.com.br/harpa-crista/1771720/letra/
'str' object has no attribute 'text'

https://www.cifraclub.com.br/harpa-crista/452072/letra/
'str' object has no attribute 'text'

https://www.cifraclub.com.br/harpa-crista/o-bondoso-salvador/
'NoneType' object has no attribute 'text'

https://www.cifraclub.com.br/harpa-crista/452074/letra/
'str' object has no attribute 'text'

https://www.cifraclub.com.br/harpa-crista/452672/letra/
'str' object has no attribute 'text'

https://www.cifraclub.com.br/harpa-crista/452657/letra/
'str' object has no attribute 'text'

https://www.cifraclub.com.br/harpa-crista/263-o-fim-do-culto/
'NoneType' object has no attribute 'text'

https://www.cifraclub.com.br/harpa-crista/o-precioso-sangue/
'NoneType' object has no attribute 'text'

https://www.cifraclub.com.br/harpa-crista/o-santo-nome/
'NoneType' object has no attribute 'text'

https://www.cifraclub.com.br/harpa-crista/o-senhor-esta-aqui/letra/
'str' object has no attribute 'text'

https://www.cifraclub.com.br/harpa-crista/452088/letra/
'str' object has no attribute 'text'

https://www.cifraclub.com.br/harpa-crista/452659/letra/
'str' object has no attribute 'text'

https://www.cifraclub.com.br/harpa-crista/oh-tenho-gozo/
'NoneType' object has no attribute 'text'

https://www.cifraclub.com.br/harpa-crista/os-santos-louvam-ao-senhor/
'NoneType' object has no attribute 'text'

https://www.cifraclub.com.br/harpa-crista/ouve-pecador/
'NoneType' object has no attribute 'text'

https://www.cifraclub.com.br/harpa-crista/463435/letra/
'str' object has no attribute 'text'

https://www.cifraclub.com.br/harpa-crista/452721/letra/
'str' object has no attribute 'text'

https://www.cifraclub.com.br/harpa-crista/853768/letra/
'str' object has no attribute 'text'

https://www.cifraclub.com.br/harpa-crista/precioso-sangue/
'NoneType' object has no attribute 'text'

https://www.cifraclub.com.br/harpa-crista/377-promessas-que-nao-falham/
'NoneType' object has no attribute 'text'

https://www.cifraclub.com.br/harpa-crista/que-amigo-temos/
'NoneType' object has no attribute 'text'

https://www.cifraclub.com.br/harpa-crista/450642/letra/
'str' object has no attribute 'text'

https://www.cifraclub.com.br/harpa-crista/463441/letra/
'str' object has no attribute 'text'

https://www.cifraclub.com.br/harpa-crista/133-rol-do-livro/
'NoneType' object has no attribute 'text'

https://www.cifraclub.com.br/harpa-crista/santo-es-tu-senhor/letra/
'str' object has no attribute 'text'

https://www.cifraclub.com.br/harpa-crista/528603/letra/
'str' object has no attribute 'text'

https://www.cifraclub.com.br/harpa-crista/sempre-comigo/
'NoneType' object has no attribute 'text'

https://www.cifraclub.com.br/harpa-crista/senhor-formoso-es/
'NoneType' object has no attribute 'text'

https://www.cifraclub.com.br/harpa-crista/528604/letra/
'str' object has no attribute 'text'

https://www.cifraclub.com.br/harpa-crista/soldado-ferido/letra/
'str' object has no attribute 'text'

https://www.cifraclub.com.br/harpa-crista/sublime-grande-amor/
'NoneType' object has no attribute 'text'

https://www.cifraclub.com.br/harpa-crista/452115/letra/
'str' object has no attribute 'text'

https://www.cifraclub.com.br/harpa-crista/tu-senhor-es-nosso-amigo/
'NoneType' object has no attribute 'text'

https://www.cifraclub.com.br/harpa-crista/450476/letra/
'str' object has no attribute 'text'

https://www.cifraclub.com.br/harpa-crista/343-vamos-batalhar/
'NoneType' object has no attribute 'text'

https://www.cifraclub.com.br/harpa-crista/vem-a-cristo-347/letra/
'str' object has no attribute 'text'

https://www.cifraclub.com.br/harpa-crista/451044/letra/
'str' object has no attribute 'text'

https://www.cifraclub.com.br/harpa-crista/venha-ja-pecador/
'NoneType' object has no attribute 'text'

https://www.cifraclub.com.br/harpa-crista/vinde-vamos-todos/letra/
'str' object has no attribute 'text'

https://www.cifraclub.com.br/harpa-crista/ao-ver-cruz/
'NoneType' object has no attribute 'text'

https://www.cifraclub.com.br/harpa-crista/341-aspiracao-da-alma/
'NoneType' object has no attribute 'text'

https://www.cifraclub.com.br/harpa-crista/1936739/letra/
'str' object has no attribute 'text'

https://www.cifraclub.com.br/harpa-crista/456360/letra/
'str' object has no attribute 'text'

https://www.cifraclub.com.br/harpa-crista/450639/letra/
'str' object has no attribute 'text'

https://www.cifraclub.com.br/harpa-crista/conta-nos-senhor/
'NoneType' object has no attribute 'text'

https://www.cifraclub.com.br/harpa-crista/creio-senhor/
'NoneType' object has no attribute 'text'

https://www.cifraclub.com.br/harpa-crista/456363/letra/
'str' object has no attribute 'text'

https://www.cifraclub.com.br/harpa-crista/1771676/letra/
'str' object has no attribute 'text'

https://www.cifraclub.com.br/harpa-crista/cristo-real-pra-mim/
'NoneType' object has no attribute 'text'

https://www.cifraclub.com.br/harpa-crista/cristo-meu-cristo/letra/
'str' object has no attribute 'text'

https://www.cifraclub.com.br/harpa-crista/190-cristo-meu-cristo/
'NoneType' object has no attribute 'text'

https://www.cifraclub.com.br/harpa-crista/cristo-meu-redentor/
'NoneType' object has no attribute 'text'

https://www.cifraclub.com.br/harpa-crista/1771726/letra/
'str' object has no attribute 'text'

https://www.cifraclub.com.br/harpa-crista/cristo-te-chama/
'NoneType' object has no attribute 'text'

https://www.cifraclub.com.br/harpa-crista/cura-divina/
'NoneType' object has no attribute 'text'

https://www.cifraclub.com.br/harpa-crista/de-todo-mundo-aleluia/
'NoneType' object has no attribute 'text'

https://www.cifraclub.com.br/harpa-crista/decisao/letra/
'str' object has no attribute 'text'

https://www.cifraclub.com.br/harpa-crista/450336/letra/
'str' object has no attribute 'text'

https://www.cifraclub.com.br/harpa-crista/085-deixa-o-espirito-de-deus-entrar/
'NoneType' object has no attribute 'text'

https://www.cifraclub.com.br/harpa-crista/deus-nosso-pai-nos-te-adoramos/
'NoneType' object has no attribute 'text'

https://www.cifraclub.com.br/harpa-crista/digno-es-tu-senhor/letra/
'str' object has no attribute 'text'

https://www.cifraclub.com.br/harpa-crista/eis-me-aqui/letra/
'str' object has no attribute 'text'

https://www.cifraclub.com.br/harpa-crista/eis-dia-declinar/
'NoneType' object has no attribute 'text'

https://www.cifraclub.com.br/harpa-crista/748502/letra/
'str' object has no attribute 'text'

https://www.cifraclub.com.br/harpa-crista/1771721/letra/
'str' object has no attribute 'text'

https://www.cifraclub.com.br/harpa-crista/456375/letra/
'str' object has no attribute 'text'

https://www.cifraclub.com.br/harpa-crista/estaras-vigiando/
'NoneType' object has no attribute 'text'

https://www.cifraclub.com.br/harpa-crista/259-eu-creio-na-biblia/
'NoneType' object has no attribute 'text'

https://www.cifraclub.com.br/harpa-crista/1000350/letra/
'str' object has no attribute 'text'

https://www.cifraclub.com.br/harpa-crista/1771672/letra/
'str' object has no attribute 'text'

https://www.cifraclub.com.br/harpa-crista/fico-feliz/letra/
'str' object has no attribute 'text'

https://www.cifraclub.com.br/harpa-crista/450582/letra/
'str' object has no attribute 'text'

https://www.cifraclub.com.br/harpa-crista/gracias/letra/
'str' object has no attribute 'text'

https://www.cifraclub.com.br/harpa-crista/097-ha-um-santo-caminho/
'NoneType' object has no attribute 'text'

https://www.cifraclub.com.br/harpa-crista/honras-sejam-ao-cordeiro/
'NoneType' object has no attribute 'text'

https://www.cifraclub.com.br/harpa-crista/1820670/letra/
'str' object has no attribute 'text'

https://www.cifraclub.com.br/harpa-crista/452654/letra/
'str' object has no attribute 'text'

https://www.cifraclub.com.br/harpa-crista/invocacao-louvor/
'NoneType' object has no attribute 'text'

https://www.cifraclub.com.br/harpa-crista/1297641/letra/
'str' object has no attribute 'text'

https://www.cifraclub.com.br/harpa-crista/452784/letra/
'str' object has no attribute 'text'

https://www.cifraclub.com.br/harpa-crista/jesus-cristo-mudou-meu-viver/letra/
'str' object has no attribute 'text'

https://www.cifraclub.com.br/harpa-crista/jesus-em-tua-presenca/letra/
'str' object has no attribute 'text'

https://www.cifraclub.com.br/harpa-crista/jesus-me-levantou/
'NoneType' object has no attribute 'text'

https://www.cifraclub.com.br/harpa-crista/450853/letra/
'str' object has no attribute 'text'

https://www.cifraclub.com.br/harpa-crista/311-jesus-meu-salvador/
'NoneType' object has no attribute 'text'

https://www.cifraclub.com.br/harpa-crista/452053/letra/
'str' object has no attribute 'text'

https://www.cifraclub.com.br/harpa-crista/450838/letra/
'str' object has no attribute 'text'

https://www.cifraclub.com.br/harpa-crista/324-jesus-o-melhor-amigo/
'NoneType' object has no attribute 'text'

https://www.cifraclub.com.br/harpa-crista/368-jesus-tudo-pra-mim/
'NoneType' object has no attribute 'text'

https://www.cifraclub.com.br/harpa-crista/la-fede-una-volta-insegnata/letra/
'str' object has no attribute 'text'

https://www.cifraclub.com.br/harpa-crista/larga-mundo/
'NoneType' object has no attribute 'text'

https://www.cifraclub.com.br/harpa-crista/452056/letra/
'str' object has no attribute 'text'

https://www.cifraclub.com.br/harpa-crista/1297640/letra/
'str' object has no attribute 'text'

https://www.cifraclub.com.br/harpa-crista/450180/letra/
'str' object has no attribute 'text'

https://www.cifraclub.com.br/harpa-crista/meu-cristo/
'NoneType' object has no attribute 'text'

https://www.cifraclub.com.br/harpa-crista/451206/letra/
'str' object has no attribute 'text'

https://www.cifraclub.com.br/harpa-crista/463423/letra/
'str' object has no attribute 'text'

https://www.cifraclub.com.br/harpa-crista/528589/letra/
'str' object has no attribute 'text'

https://www.cifraclub.com.br/harpa-crista/meu-noivo-vem/
'NoneType' object has no attribute 'text'

https://www.cifraclub.com.br/harpa-crista/momentos-de-prova/letra/
'str' object has no attribute 'text'

https://www.cifraclub.com.br/harpa-crista/451415/letra/
'str' object has no attribute 'text'

https://www.cifraclub.com.br/harpa-crista/452066/letra/
'str' object has no attribute 'text'

https://www.cifraclub.com.br/harpa-crista/necessitado/
'NoneType' object has no attribute 'text'

https://www.cifraclub.com.br/harpa-crista/nivea-luz/
'NoneType' object has no attribute 'text'

https://www.cifraclub.com.br/harpa-crista/452069/letra/
'str' object has no attribute 'text'

https://www.cifraclub.com.br/harpa-crista/452071/letra/
'str' object has no attribute 'text'

https://www.cifraclub.com.br/harpa-crista/1771720/letra/
'str' object has no attribute 'text'

https://www.cifraclub.com.br/harpa-crista/452072/letra/
'str' object has no attribute 'text'

https://www.cifraclub.com.br/harpa-crista/o-bondoso-salvador/
'NoneType' object has no attribute 'text'

https://www.cifraclub.com.br/harpa-crista/452074/letra/
'str' object has no attribute 'text'

https://www.cifraclub.com.br/harpa-crista/452672/letra/
'str' object has no attribute 'text'

https://www.cifraclub.com.br/harpa-crista/452657/letra/
'str' object has no attribute 'text'

https://www.cifraclub.com.br/harpa-crista/263-o-fim-do-culto/
'NoneType' object has no attribute 'text'

https://www.cifraclub.com.br/harpa-crista/o-precioso-sangue/
'NoneType' object has no attribute 'text'

https://www.cifraclub.com.br/harpa-crista/o-santo-nome/
'NoneType' object has no attribute 'text'

https://www.cifraclub.com.br/harpa-crista/o-senhor-esta-aqui/letra/
'str' object has no attribute 'text'

https://www.cifraclub.com.br/harpa-crista/452088/letra/
'str' object has no attribute 'text'

https://www.cifraclub.com.br/harpa-crista/452659/letra/
'str' object has no attribute 'text'

https://www.cifraclub.com.br/harpa-crista/oh-tenho-gozo/
'NoneType' object has no attribute 'text'

https://www.cifraclub.com.br/harpa-crista/os-santos-louvam-ao-senhor/
'NoneType' object has no attribute 'text'

https://www.cifraclub.com.br/harpa-crista/ouve-pecador/
'NoneType' object has no attribute 'text'

https://www.cifraclub.com.br/harpa-crista/463435/letra/
'str' object has no attribute 'text'

https://www.cifraclub.com.br/harpa-crista/452721/letra/
'str' object has no attribute 'text'

https://www.cifraclub.com.br/harpa-crista/853768/letra/
'str' object has no attribute 'text'

https://www.cifraclub.com.br/harpa-crista/precioso-sangue/
'NoneType' object has no attribute 'text'

https://www.cifraclub.com.br/harpa-crista/377-promessas-que-nao-falham/
'NoneType' object has no attribute 'text'

https://www.cifraclub.com.br/harpa-crista/que-amigo-temos/
'NoneType' object has no attribute 'text'

https://www.cifraclub.com.br/harpa-crista/450642/letra/
'str' object has no attribute 'text'

https://www.cifraclub.com.br/harpa-crista/463441/letra/
'str' object has no attribute 'text'

https://www.cifraclub.com.br/harpa-crista/133-rol-do-livro/
'NoneType' object has no attribute 'text'

https://www.cifraclub.com.br/harpa-crista/santo-es-tu-senhor/letra/
'str' object has no attribute 'text'

https://www.cifraclub.com.br/harpa-crista/528603/letra/
'str' object has no attribute 'text'

https://www.cifraclub.com.br/harpa-crista/sempre-comigo/
'NoneType' object has no attribute 'text'

https://www.cifraclub.com.br/harpa-crista/senhor-formoso-es/
'NoneType' object has no attribute 'text'

https://www.cifraclub.com.br/harpa-crista/528604/letra/
'str' object has no attribute 'text'

https://www.cifraclub.com.br/harpa-crista/soldado-ferido/letra/
'str' object has no attribute 'text'

https://www.cifraclub.com.br/harpa-crista/sublime-grande-amor/
'NoneType' object has no attribute 'text'

https://www.cifraclub.com.br/harpa-crista/452115/letra/
'str' object has no attribute 'text'

https://www.cifraclub.com.br/harpa-crista/tu-senhor-es-nosso-amigo/
'NoneType' object has no attribute 'text'

https://www.cifraclub.com.br/harpa-crista/450476/letra/
'str' object has no attribute 'text'

https://www.cifraclub.com.br/harpa-crista/343-vamos-batalhar/
'NoneType' object has no attribute 'text'

https://www.cifraclub.com.br/harpa-crista/vem-a-cristo-347/letra/
'str' object has no attribute 'text'

https://www.cifraclub.com.br/harpa-crista/451044/letra/
'str' object has no attribute 'text'

https://www.cifraclub.com.br/harpa-crista/venha-ja-pecador/
'NoneType' object has no attribute 'text'

https://www.cifraclub.com.br/harpa-crista/vinde-vamos-todos/letra/
'str' object has no attribute 'text'

